{"level":"info","message":"🚀 TechPulse Orchestrator running on http://localhost:5000","service":"techpulse-backend","timestamp":"2026-04-08 19:19:35"}
{"level":"info","message":"🚀 TechPulse Orchestrator running on http://localhost:5000","service":"techpulse-backend","timestamp":"2026-04-08 19:20:16"}
{"level":"info","message":"🚀 TechPulse Orchestrator running on http://localhost:5000","service":"techpulse-backend","timestamp":"2026-04-08 20:21:26"}
{"level":"info","message":"🚀 TechPulse Orchestrator running on http://localhost:5000","service":"techpulse-backend","timestamp":"2026-04-08 20:29:52"}
{"level":"info","message":"🚀 TechPulse Orchestrator running on http://localhost:5000","service":"techpulse-backend","timestamp":"2026-04-08 20:33:13"}
{"level":"info","message":"🚀 TechPulse Orchestrator running on http://localhost:5000","service":"techpulse-backend","timestamp":"2026-04-08 20:33:37"}
{"level":"info","message":"🚀 TechPulse Orchestrator running on http://localhost:5000","service":"techpulse-backend","timestamp":"2026-04-08 20:37:50"}
{"level":"info","message":"🚀 TechPulse Orchestrator running on http://localhost:5000","service":"techpulse-backend","timestamp":"2026-04-08 21:04:38"}
{"level":"info","message":"🚀 TechPulse Orchestrator running on http://localhost:5000","service":"techpulse-backend","timestamp":"2026-04-08 21:06:40"}
{"level":"info","message":"🚀 TechPulse Orchestrator running on http://localhost:5000","service":"techpulse-backend","timestamp":"2026-04-08 21:40:53"}
{"level":"info","message":"🚀 TechPulse Orchestrator running on http://localhost:5000","service":"techpulse-backend","timestamp":"2026-04-08 21:54:50"}
{"level":"info","message":"🚀 TechPulse Orchestrator running on http://localhost:5000","service":"techpulse-backend","timestamp":"2026-04-08 21:57:16"}
{"level":"info","message":"🚀 TechPulse Orchestrator running on http://localhost:5000","service":"techpulse-backend","timestamp":"2026-04-08 22:05:43"}
{"level":"info","message":"🚀 TechPulse Orchestrator running on http://localhost:5000","service":"techpulse-backend","timestamp":"2026-04-08 22:05:48"}
{"level":"info","message":"🚀 TechPulse Orchestrator running on http://localhost:5000","service":"techpulse-backend","timestamp":"2026-04-08 22:05:56"}
{"level":"info","message":"🚀 TechPulse Orchestrator running on http://localhost:5000","service":"techpulse-backend","timestamp":"2026-04-08 22:06:13"}
{"level":"info","message":"🚀 TechPulse Orchestrator running on http://localhost:5000","service":"techpulse-backend","timestamp":"2026-04-09 13:30:55"}
{"level":"info","message":"🚀 TechPulse Orchestrator running on http://localhost:5000","service":"techpulse-backend","timestamp":"2026-04-09 14:31:01"}
{"level":"info","message":"🚀 TechPulse Orchestrator running on http://localhost:5000","service":"techpulse-backend","timestamp":"2026-04-09 15:22:46"}
{"level":"info","message":"🚀 Secure TechPulse Orchestrator running on http://localhost:5000","service":"techpulse-backend","timestamp":"2026-04-10 00:38:50"}
{"level":"info","message":"🚀 Secure TechPulse Orchestrator running on http://localhost:5000","service":"techpulse-backend","timestamp":"2026-04-14 14:43:39"}
{"level":"info","message":"🚀 Secure TechPulse Orchestrator running on http://localhost:5000","service":"techpulse-backend","timestamp":"2026-04-16 01:39:52"}
{"level":"info","message":"🚀 Secure TechPulse Orchestrator running on http://localhost:5000","service":"techpulse-backend","timestamp":"2026-04-16 01:40:04"}
{"level":"info","message":"🚀 Secure TechPulse Orchestrator running on http://localhost:5000","service":"techpulse-backend","timestamp":"2026-04-16 01:48:02"}
{"level":"info","message":"🚀 Secure TechPulse Orchestrator running on http://localhost:5000","service":"techpulse-backend","timestamp":"2026-04-16 01:48:48"}
{"level":"info","message":"🚀 Secure TechPulse Orchestrator running on http://localhost:5000","service":"techpulse-backend","timestamp":"2026-04-16 01:50:43"}
{"level":"info","message":"🚀 Secure TechPulse Orchestrator running on http://localhost:5000","service":"techpulse-backend","timestamp":"2026-04-16 02:12:10"}
{"level":"info","message":"🚀 Secure TechPulse Orchestrator running on http://localhost:5000","service":"techpulse-backend","timestamp":"2026-04-16 14:35:48"}
{"level":"info","message":"🚀 Secure TechPulse Orchestrator running on http://localhost:5000","service":"techpulse-backend","timestamp":"2026-04-16 16:05:02"}
{"level":"info","message":"🚀 Secure TechPulse Orchestrator running on http://localhost:5000","service":"techpulse-backend","timestamp":"2026-04-16 16:13:54"}
{"level":"info","message":"🚀 Secure TechPulse Orchestrator running on http://localhost:5000","service":"techpulse-backend","timestamp":"2026-04-16 16:34:06"}
{"level":"info","message":"🔍 Feed Success: HN(30), GH(30), DevTo(30), Reddit(30)","service":"techpulse-backend","timestamp":"2026-04-21 20:38:34"}
{"level":"info","message":"🚀 Secure TechPulse Orchestrator running on http://localhost:5000","service":"techpulse-backend","timestamp":"2026-04-22 16:26:42"}
{"level":"warn","message":"Redis not available. Running without cache.","service":"techpulse-backend","timestamp":"2026-04-22 16:26:42"}
{"level":"warn","message":"Redis not available. Running without cache.","service":"techpulse-backend","timestamp":"2026-04-22 16:26:42"}
{"level":"warn","message":"Redis not available. Running without cache.","service":"techpulse-backend","timestamp":"2026-04-22 16:26:43"}
{"level":"warn","message":"Redis not available. Running without cache.","service":"techpulse-backend","timestamp":"2026-04-22 16:26:43"}
{"level":"warn","message":"Redis not available. Running without cache.","service":"techpulse-backend","timestamp":"2026-04-22 16:26:43"}
{"level":"warn","message":"Redis not available. Running without cache.","service":"techpulse-backend","timestamp":"2026-04-22 16:26:44"}
{"level":"warn","message":"Redis not available. Running without cache.","service":"techpulse-backend","timestamp":"2026-04-22 16:26:46"}
{"level":"warn","message":"Redis not available. Running without cache.","service":"techpulse-backend","timestamp":"2026-04-22 16:26:48"}
{"level":"warn","message":"Redis not available. Running without cache.","service":"techpulse-backend","timestamp":"2026-04-22 16:26:50"}
{"level":"warn","message":"Redis not available. Running without cache.","service":"techpulse-backend","timestamp":"2026-04-22 16:26:52"}
{"level":"warn","message":"Redis not available. Running without cache.","service":"techpulse-backend","timestamp":"2026-04-22 16:26:54"}
{"level":"warn","message":"Redis not available. Running without cache.","service":"techpulse-backend","timestamp":"2026-04-22 16:26:56"}
{"level":"warn","message":"Redis not available. Running without cache.","service":"techpulse-backend","timestamp":"2026-04-22 16:26:59"}
{"level":"warn","message":"Redis not available. Running without cache.","service":"techpulse-backend","timestamp":"2026-04-22 16:27:01"}
{"level":"warn","message":"Redis not available. Running without cache.","service":"techpulse-backend","timestamp":"2026-04-22 16:27:03"}
{"level":"warn","message":"Redis not available. Running without cache.","service":"techpulse-backend","timestamp":"2026-04-22 16:27:05"}
{"level":"warn","message":"Redis not available. Running without cache.","service":"techpulse-backend","timestamp":"2026-04-22 16:27:07"}
{"level":"warn","message":"Redis not available. Running without cache.","service":"techpulse-backend","timestamp":"2026-04-22 16:27:09"}
{"level":"warn","message":"Redis not available. Running without cache.","service":"techpulse-backend","timestamp":"2026-04-22 16:27:11"}
{"level":"warn","message":"Redis not available. Running without cache.","service":"techpulse-backend","timestamp":"2026-04-22 16:27:13"}
{"level":"warn","message":"Redis not available. Running without cache.","service":"techpulse-backend","timestamp":"2026-04-22 16:27:15"}
{"level":"warn","message":"Redis not available. Running without cache.","service":"techpulse-backend","timestamp":"2026-04-22 16:27:17"}
{"level":"warn","message":"Redis not available. Running without cache.","service":"techpulse-backend","timestamp":"2026-04-22 16:27:20"}
{"level":"warn","message":"Redis not available. Running without cache.","service":"techpulse-backend","timestamp":"2026-04-22 16:27:22"}
{"level":"warn","message":"Redis not available. Running without cache.","service":"techpulse-backend","timestamp":"2026-04-22 16:27:24"}
{"level":"warn","message":"Redis not available. Running without cache.","service":"techpulse-backend","timestamp":"2026-04-22 16:27:26"}
{"level":"warn","message":"Redis not available. Running without cache.","service":"techpulse-backend","timestamp":"2026-04-22 16:27:28"}
{"level":"warn","message":"Redis not available. Running without cache.","service":"techpulse-backend","timestamp":"2026-04-22 16:27:30"}
{"level":"warn","message":"Redis not available. Running without cache.","service":"techpulse-backend","timestamp":"2026-04-22 16:27:32"}
{"level":"warn","message":"Redis not available. Running without cache.","service":"techpulse-backend","timestamp":"2026-04-22 16:27:34"}
{"level":"warn","message":"Redis not available. Running without cache.","service":"techpulse-backend","timestamp":"2026-04-22 16:27:36"}
{"level":"warn","message":"Redis not available. Running without cache.","service":"techpulse-backend","timestamp":"2026-04-22 16:27:38"}
{"level":"warn","message":"Redis not available. Running without cache.","service":"techpulse-backend","timestamp":"2026-04-22 16:27:41"}
{"level":"warn","message":"Redis not available. Running without cache.","service":"techpulse-backend","timestamp":"2026-04-22 16:27:43"}
{"level":"warn","message":"Redis not available. Running without cache.","service":"techpulse-backend","timestamp":"2026-04-22 16:27:45"}
{"level":"warn","message":"Redis not available. Running without cache.","service":"techpulse-backend","timestamp":"2026-04-22 16:27:47"}
{"level":"warn","message":"Redis not available. Running without cache.","service":"techpulse-backend","timestamp":"2026-04-22 16:27:49"}
{"level":"warn","message":"Redis not available. Running without cache.","service":"techpulse-backend","timestamp":"2026-04-22 16:27:51"}
{"level":"warn","message":"Redis not available. Running without cache.","service":"techpulse-backend","timestamp":"2026-04-22 16:27:53"}
{"level":"warn","message":"Redis not available. Running without cache.","service":"techpulse-backend","timestamp":"2026-04-22 16:27:55"}
{"level":"warn","message":"Redis not available. Running without cache.","service":"techpulse-backend","timestamp":"2026-04-22 16:27:58"}
{"level":"warn","message":"Redis not available. Running without cache.","service":"techpulse-backend","timestamp":"2026-04-22 16:28:00"}
{"level":"warn","message":"Redis not available. Running without cache.","service":"techpulse-backend","timestamp":"2026-04-22 16:28:02"}
{"level":"warn","message":"Redis not available. Running without cache.","service":"techpulse-backend","timestamp":"2026-04-22 16:28:04"}
{"level":"warn","message":"Redis not available. Running without cache.","service":"techpulse-backend","timestamp":"2026-04-22 16:28:06"}
{"level":"warn","message":"Redis not available. Running without cache.","service":"techpulse-backend","timestamp":"2026-04-22 16:28:08"}
{"level":"warn","message":"Redis not available. Running without cache.","service":"techpulse-backend","timestamp":"2026-04-22 16:28:10"}
{"level":"warn","message":"Redis not available. Running without cache.","service":"techpulse-backend","timestamp":"2026-04-22 16:28:12"}
{"level":"warn","message":"Redis not available. Running without cache.","service":"techpulse-backend","timestamp":"2026-04-22 16:28:14"}
{"level":"warn","message":"Redis not available. Running without cache.","service":"techpulse-backend","timestamp":"2026-04-22 16:28:17"}
{"level":"warn","message":"Redis not available. Running without cache.","service":"techpulse-backend","timestamp":"2026-04-22 16:28:19"}
{"level":"warn","message":"Redis not available. Running without cache.","service":"techpulse-backend","timestamp":"2026-04-22 16:28:21"}
{"level":"warn","message":"Redis not available. Running without cache.","service":"techpulse-backend","timestamp":"2026-04-22 16:28:23"}
{"level":"warn","message":"Redis not available. Running without cache.","service":"techpulse-backend","timestamp":"2026-04-22 16:28:25"}
{"level":"warn","message":"Redis not available. Running without cache.","service":"techpulse-backend","timestamp":"2026-04-22 16:28:27"}
{"level":"warn","message":"Redis not available. Running without cache.","service":"techpulse-backend","timestamp":"2026-04-22 16:28:30"}
{"level":"warn","message":"Redis not available. Running without cache.","service":"techpulse-backend","timestamp":"2026-04-22 16:28:32"}
{"level":"warn","message":"Redis not available. Running without cache.","service":"techpulse-backend","timestamp":"2026-04-22 16:28:34"}
{"level":"warn","message":"Redis not available. Running without cache.","service":"techpulse-backend","timestamp":"2026-04-22 16:28:36"}
{"level":"warn","message":"Redis not available. Running without cache.","service":"techpulse-backend","timestamp":"2026-04-22 16:28:38"}
{"level":"warn","message":"Redis not available. Running without cache.","service":"techpulse-backend","timestamp":"2026-04-22 16:28:40"}
{"level":"warn","message":"Redis not available. Running without cache.","service":"techpulse-backend","timestamp":"2026-04-22 16:28:42"}
{"level":"warn","message":"Redis not available. Running without cache.","service":"techpulse-backend","timestamp":"2026-04-22 16:28:44"}
{"level":"warn","message":"Redis not available. Running without cache.","service":"techpulse-backend","timestamp":"2026-04-22 16:28:47"}
{"level":"warn","message":"Redis not available. Running without cache.","service":"techpulse-backend","timestamp":"2026-04-22 16:28:49"}
{"level":"warn","message":"Redis not available. Running without cache.","service":"techpulse-backend","timestamp":"2026-04-22 16:28:51"}
{"level":"warn","message":"Redis not available. Running without cache.","service":"techpulse-backend","timestamp":"2026-04-22 16:28:53"}
{"level":"warn","message":"Redis not available. Running without cache.","service":"techpulse-backend","timestamp":"2026-04-22 16:28:55"}
{"level":"warn","message":"Redis not available. Running without cache.","service":"techpulse-backend","timestamp":"2026-04-22 16:28:57"}
{"level":"warn","message":"Redis not available. Running without cache.","service":"techpulse-backend","timestamp":"2026-04-22 16:28:59"}
{"level":"warn","message":"Redis not available. Running without cache.","service":"techpulse-backend","timestamp":"2026-04-22 16:29:01"}
{"level":"warn","message":"Redis not available. Running without cache.","service":"techpulse-backend","timestamp":"2026-04-22 16:29:03"}
{"level":"warn","message":"Redis not available. Running without cache.","service":"techpulse-backend","timestamp":"2026-04-22 16:29:05"}
{"level":"warn","message":"Redis not available. Running without cache.","service":"techpulse-backend","timestamp":"2026-04-22 16:29:07"}
{"level":"warn","message":"Redis not available. Running without cache.","service":"techpulse-backend","timestamp":"2026-04-22 16:29:09"}
{"level":"warn","message":"Redis not available. Running without cache.","service":"techpulse-backend","timestamp":"2026-04-22 16:29:11"}
{"level":"info","message":"🚀 Secure TechPulse Orchestrator running on http://localhost:5000","service":"techpulse-backend","timestamp":"2026-04-22 16:31:03"}
{"level":"warn","message":"⚠️ Redis not available. Running without cache.","service":"techpulse-backend","timestamp":"2026-04-22 16:31:03"}
{"level":"info","message":"🚀 Secure TechPulse Orchestrator running on http://localhost:5000","service":"techpulse-backend","timestamp":"2026-04-22 16:40:17"}
{"level":"warn","message":"⚠️ Redis not available. Running without cache.","service":"techpulse-backend","timestamp":"2026-04-22 16:40:17"}
{"level":"info","message":"🚀 Secure TechPulse Orchestrator running on http://localhost:5000","service":"techpulse-backend","timestamp":"2026-04-22 16:50:18"}
{"level":"warn","message":"⚠️ Redis not available. Running without cache.","service":"techpulse-backend","timestamp":"2026-04-22 16:50:18"}
{"level":"info","message":"🚀 Secure TechPulse Orchestrator running on http://localhost:5000","service":"techpulse-backend","timestamp":"2026-04-22 16:54:01"}
{"level":"warn","message":"⚠️ Redis not available. Running without cache: Reconnect strategy should return `false | Error | number`, got null instead","service":"techpulse-backend","stack":"TypeError: Reconnect strategy should return `false | Error | number`, got null instead\n    at RedisSocket.<anonymous> (C:\\Projects\\TechPulse\\techpulse-backend\\node_modules\\@redis\\client\\dist\\lib\\client\\socket.js:60:31)\n    at #shouldReconnect (C:\\Projects\\TechPulse\\techpulse-backend\\node_modules\\@redis\\client\\dist\\lib\\client\\socket.js:138:48)\n    at #connect (C:\\Projects\\TechPulse\\techpulse-backend\\node_modules\\@redis\\client\\dist\\lib\\client\\socket.js:194:54)\n    at process.processTicksAndRejections (node:internal/process/task_queues:104:5)\n    at async Class.connect (C:\\Projects\\TechPulse\\techpulse-backend\\node_modules\\@redis\\client\\dist\\lib\\client\\index.js:650:9)\n    at async file:///C:/Projects/TechPulse/techpulse-backend/src/config/redis.js:32:13","timestamp":"2026-04-22 16:54:01"}
{"level":"info","message":"🚀 Secure TechPulse Orchestrator running on http://localhost:5000","service":"techpulse-backend","timestamp":"2026-04-22 17:05:51"}
{"level":"warn","message":"⚠️ Redis not available. Running without cache: Reconnect strategy should return `false | Error | number`, got null instead","service":"techpulse-backend","stack":"TypeError: Reconnect strategy should return `false | Error | number`, got null instead\n    at RedisSocket.<anonymous> (C:\\Projects\\TechPulse\\techpulse-backend\\node_modules\\@redis\\client\\dist\\lib\\client\\socket.js:60:31)\n    at #shouldReconnect (C:\\Projects\\TechPulse\\techpulse-backend\\node_modules\\@redis\\client\\dist\\lib\\client\\socket.js:138:48)\n    at #connect (C:\\Projects\\TechPulse\\techpulse-backend\\node_modules\\@redis\\client\\dist\\lib\\client\\socket.js:194:54)\n    at process.processTicksAndRejections (node:internal/process/task_queues:104:5)\n    at async Class.connect (C:\\Projects\\TechPulse\\techpulse-backend\\node_modules\\@redis\\client\\dist\\lib\\client\\index.js:650:9)\n    at async file:///C:/Projects/TechPulse/techpulse-backend/src/config/redis.js:32:13","timestamp":"2026-04-22 17:05:51"}
{"level":"info","message":"🚀 Secure TechPulse Orchestrator running on http://localhost:5000","service":"techpulse-backend","timestamp":"2026-04-22 17:12:48"}
{"code":"ECONNREFUSED","level":"warn","message":"⚠️ Redis not available. Running without cache:","service":"techpulse-backend","stack":"AggregateError [ECONNREFUSED]: \n    at internalConnectMultiple (node:net:1142:49)\n    at afterConnectMultiple (node:net:1723:7)","timestamp":"2026-04-22 17:12:48"}
{"level":"warn","message":"Redis connection failed. Caching disabled.","service":"techpulse-backend","timestamp":"2026-04-22 17:12:48"}
{"level":"info","message":"🚀 Secure TechPulse Orchestrator running on http://localhost:5000","service":"techpulse-backend","timestamp":"2026-04-22 17:29:13"}
{"code":"ECONNREFUSED","level":"warn","message":"⚠️ Redis not available. Running without cache:","service":"techpulse-backend","stack":"AggregateError [ECONNREFUSED]: \n    at internalConnectMultiple (node:net:1142:49)\n    at afterConnectMultiple (node:net:1723:7)","timestamp":"2026-04-22 17:29:13"}
{"level":"warn","message":"Redis connection failed. Caching disabled.","service":"techpulse-backend","timestamp":"2026-04-22 17:29:13"}
{"level":"error","message":"📡 Network/Timeout Error for https://www.reddit.com/r/programming/hot.json?limit=30: fetch failed","service":"techpulse-backend","timestamp":"2026-04-22 17:34:17"}
